<?xml version="1.0" encoding="UTF-8"?>
<!-- Generated by org.testng.reporters.JUnitXMLReporter -->
<testsuite hostname="SandeepDell" name="Default test" tests="45" failures="0" timestamp="21 Nov 2016 05:01:48 GMT" time="1876.511" errors="0">
  <testcase name="testScenarios" time="17.95" classname="main.DeltaDriver"/>
  <testcase name="testScenarios" time="64.938" classname="main.DeltaDriver"/>
  <testcase name="testScenarios" time="106.792" classname="main.DeltaDriver"/>
  <testcase name="testScenarios" time="62.125" classname="main.DeltaDriver"/>
  <testcase name="testScenarios" time="110.723" classname="main.DeltaDriver"/>
  <testcase name="testScenarios" time="58.76" classname="main.DeltaDriver"/>
  <testcase name="testScenarios" time="0.001" classname="main.DeltaDriver">
    <skipped/>
  </testcase> <!-- testScenarios -->
  <testcase name="testScenarios" time="0.001" classname="main.DeltaDriver">
    <skipped/>
  </testcase> <!-- testScenarios -->
  <testcase name="testScenarios" time="0.001" classname="main.DeltaDriver">
    <skipped/>
  </testcase> <!-- testScenarios -->
  <testcase name="testScenarios" time="0.001" classname="main.DeltaDriver">
    <skipped/>
  </testcase> <!-- testScenarios -->
  <testcase name="testScenarios" time="0.001" classname="main.DeltaDriver">
    <skipped/>
  </testcase> <!-- testScenarios -->
  <testcase name="testScenarios" time="0.001" classname="main.DeltaDriver">
    <skipped/>
  </testcase> <!-- testScenarios -->
  <testcase name="testScenarios" time="0.001" classname="main.DeltaDriver">
    <skipped/>
  </testcase> <!-- testScenarios -->
  <testcase name="testScenarios" time="0.001" classname="main.DeltaDriver">
    <skipped/>
  </testcase> <!-- testScenarios -->
  <testcase name="testScenarios" time="0.001" classname="main.DeltaDriver">
    <skipped/>
  </testcase> <!-- testScenarios -->
  <testcase name="testScenarios" time="0.001" classname="main.DeltaDriver">
    <skipped/>
  </testcase> <!-- testScenarios -->
  <testcase name="testScenarios" time="0.001" classname="main.DeltaDriver">
    <skipped/>
  </testcase> <!-- testScenarios -->
  <testcase name="testScenarios" time="0.0" classname="main.DeltaDriver">
    <skipped/>
  </testcase> <!-- testScenarios -->
  <testcase name="testScenarios" time="0.001" classname="main.DeltaDriver">
    <skipped/>
  </testcase> <!-- testScenarios -->
  <testcase name="testScenarios" time="48.935" classname="main.DeltaDriver"/>
  <testcase name="testScenarios" time="41.314" classname="main.DeltaDriver"/>
  <testcase name="testScenarios" time="52.776" classname="main.DeltaDriver"/>
  <testcase name="testScenarios" time="84.717" classname="main.DeltaDriver"/>
  <testcase name="testScenarios" time="0.001" classname="main.DeltaDriver">
    <skipped/>
  </testcase> <!-- testScenarios -->
  <testcase name="testScenarios" time="0.0" classname="main.DeltaDriver">
    <skipped/>
  </testcase> <!-- testScenarios -->
  <testcase name="testScenarios" time="0.002" classname="main.DeltaDriver">
    <skipped/>
  </testcase> <!-- testScenarios -->
  <testcase name="testScenarios" time="0.0" classname="main.DeltaDriver">
    <skipped/>
  </testcase> <!-- testScenarios -->
  <testcase name="testScenarios" time="47.909" classname="main.DeltaDriver"/>
  <testcase name="testScenarios" time="43.048" classname="main.DeltaDriver"/>
  <testcase name="testScenarios" time="46.131" classname="main.DeltaDriver"/>
  <testcase name="testScenarios" time="42.746" classname="main.DeltaDriver"/>
  <testcase name="testScenarios" time="54.489" classname="main.DeltaDriver"/>
  <testcase name="testScenarios" time="50.035" classname="main.DeltaDriver"/>
  <testcase name="testScenarios" time="47.708" classname="main.DeltaDriver"/>
  <testcase name="testScenarios" time="45.035" classname="main.DeltaDriver"/>
  <testcase name="testScenarios" time="44.038" classname="main.DeltaDriver"/>
  <testcase name="testScenarios" time="92.013" classname="main.DeltaDriver"/>
  <testcase name="testScenarios" time="86.443" classname="main.DeltaDriver"/>
  <testcase name="testScenarios" time="69.135" classname="main.DeltaDriver"/>
  <testcase name="testScenarios" time="95.15" classname="main.DeltaDriver"/>
  <testcase name="testScenarios" time="72.351" classname="main.DeltaDriver"/>
  <testcase name="testScenarios" time="117.635" classname="main.DeltaDriver"/>
  <testcase name="testScenarios" time="77.461" classname="main.DeltaDriver"/>
  <testcase name="testScenarios" time="105.827" classname="main.DeltaDriver"/>
  <testcase name="testScenarios" time="76.673" classname="main.DeltaDriver"/>
</testsuite> <!-- Default test -->
