<?xml version="1.0" encoding="UTF-8"?>
<!-- Generated by org.testng.reporters.JUnitXMLReporter -->
<testsuite hostname="SandeepDell" name="Test" tests="45" failures="0" timestamp="18 Nov 2016 12:46:01 GMT" time="69.435" errors="0">
  <testcase name="testScenarios" time="17.681" classname="main.DeltaDriver"/>
  <testcase name="testScenarios" time="0.0" classname="main.DeltaDriver">
    <skipped/>
  </testcase> <!-- testScenarios -->
  <testcase name="testScenarios" time="0.0" classname="main.DeltaDriver">
    <skipped/>
  </testcase> <!-- testScenarios -->
  <testcase name="testScenarios" time="0.0" classname="main.DeltaDriver">
    <skipped/>
  </testcase> <!-- testScenarios -->
  <testcase name="testScenarios" time="0.0" classname="main.DeltaDriver">
    <skipped/>
  </testcase> <!-- testScenarios -->
  <testcase name="testScenarios" time="0.001" classname="main.DeltaDriver">
    <skipped/>
  </testcase> <!-- testScenarios -->
  <testcase name="testScenarios" time="0.0" classname="main.DeltaDriver">
    <skipped/>
  </testcase> <!-- testScenarios -->
  <testcase name="testScenarios" time="0.0" classname="main.DeltaDriver">
    <skipped/>
  </testcase> <!-- testScenarios -->
  <testcase name="testScenarios" time="0.0" classname="main.DeltaDriver">
    <skipped/>
  </testcase> <!-- testScenarios -->
  <testcase name="testScenarios" time="0.0" classname="main.DeltaDriver">
    <skipped/>
  </testcase> <!-- testScenarios -->
  <testcase name="testScenarios" time="0.0" classname="main.DeltaDriver">
    <skipped/>
  </testcase> <!-- testScenarios -->
  <testcase name="testScenarios" time="0.0" classname="main.DeltaDriver">
    <skipped/>
  </testcase> <!-- testScenarios -->
  <testcase name="testScenarios" time="0.0" classname="main.DeltaDriver">
    <skipped/>
  </testcase> <!-- testScenarios -->
  <testcase name="testScenarios" time="0.0" classname="main.DeltaDriver">
    <skipped/>
  </testcase> <!-- testScenarios -->
  <testcase name="testScenarios" time="0.0" classname="main.DeltaDriver">
    <skipped/>
  </testcase> <!-- testScenarios -->
  <testcase name="testScenarios" time="0.0" classname="main.DeltaDriver">
    <skipped/>
  </testcase> <!-- testScenarios -->
  <testcase name="testScenarios" time="0.0" classname="main.DeltaDriver">
    <skipped/>
  </testcase> <!-- testScenarios -->
  <testcase name="testScenarios" time="0.0" classname="main.DeltaDriver">
    <skipped/>
  </testcase> <!-- testScenarios -->
  <testcase name="testScenarios" time="0.0" classname="main.DeltaDriver">
    <skipped/>
  </testcase> <!-- testScenarios -->
  <testcase name="testScenarios" time="0.0" classname="main.DeltaDriver">
    <skipped/>
  </testcase> <!-- testScenarios -->
  <testcase name="testScenarios" time="0.0" classname="main.DeltaDriver">
    <skipped/>
  </testcase> <!-- testScenarios -->
  <testcase name="testScenarios" time="0.0" classname="main.DeltaDriver">
    <skipped/>
  </testcase> <!-- testScenarios -->
  <testcase name="testScenarios" time="0.0" classname="main.DeltaDriver">
    <skipped/>
  </testcase> <!-- testScenarios -->
  <testcase name="testScenarios" time="0.0" classname="main.DeltaDriver">
    <skipped/>
  </testcase> <!-- testScenarios -->
  <testcase name="testScenarios" time="0.0" classname="main.DeltaDriver">
    <skipped/>
  </testcase> <!-- testScenarios -->
  <testcase name="testScenarios" time="0.0" classname="main.DeltaDriver">
    <skipped/>
  </testcase> <!-- testScenarios -->
  <testcase name="testScenarios" time="0.0" classname="main.DeltaDriver">
    <skipped/>
  </testcase> <!-- testScenarios -->
  <testcase name="testScenarios" time="0.0" classname="main.DeltaDriver">
    <skipped/>
  </testcase> <!-- testScenarios -->
  <testcase name="testScenarios" time="0.0" classname="main.DeltaDriver">
    <skipped/>
  </testcase> <!-- testScenarios -->
  <testcase name="testScenarios" time="0.0" classname="main.DeltaDriver">
    <skipped/>
  </testcase> <!-- testScenarios -->
  <testcase name="testScenarios" time="0.0" classname="main.DeltaDriver">
    <skipped/>
  </testcase> <!-- testScenarios -->
  <testcase name="testScenarios" time="0.0" classname="main.DeltaDriver">
    <skipped/>
  </testcase> <!-- testScenarios -->
  <testcase name="testScenarios" time="0.0" classname="main.DeltaDriver">
    <skipped/>
  </testcase> <!-- testScenarios -->
  <testcase name="testScenarios" time="0.0" classname="main.DeltaDriver">
    <skipped/>
  </testcase> <!-- testScenarios -->
  <testcase name="testScenarios" time="0.0" classname="main.DeltaDriver">
    <skipped/>
  </testcase> <!-- testScenarios -->
  <testcase name="testScenarios" time="37.661" classname="main.DeltaDriver"/>
  <testcase name="testScenarios" time="0.0" classname="main.DeltaDriver">
    <skipped/>
  </testcase> <!-- testScenarios -->
  <testcase name="testScenarios" time="0.0" classname="main.DeltaDriver">
    <skipped/>
  </testcase> <!-- testScenarios -->
  <testcase name="testScenarios" time="0.0" classname="main.DeltaDriver">
    <skipped/>
  </testcase> <!-- testScenarios -->
  <testcase name="testScenarios" time="0.0" classname="main.DeltaDriver">
    <skipped/>
  </testcase> <!-- testScenarios -->
  <testcase name="testScenarios" time="0.0" classname="main.DeltaDriver">
    <skipped/>
  </testcase> <!-- testScenarios -->
  <testcase name="testScenarios" time="0.0" classname="main.DeltaDriver">
    <skipped/>
  </testcase> <!-- testScenarios -->
  <testcase name="testScenarios" time="0.0" classname="main.DeltaDriver">
    <skipped/>
  </testcase> <!-- testScenarios -->
  <testcase name="testScenarios" time="0.0" classname="main.DeltaDriver">
    <skipped/>
  </testcase> <!-- testScenarios -->
  <testcase name="testScenarios" time="0.0" classname="main.DeltaDriver">
    <skipped/>
  </testcase> <!-- testScenarios -->
</testsuite> <!-- Test -->
